lib/db/teams.ts(11,18): error TS2304: Cannot find name 'getDatabaseId'.
lib/db/teams.ts(12,20): error TS2304: Cannot find name 'getDatabaseId'.
lib/db/teams.ts(302,12): error TS2304: Cannot find name 'getSelectValue'.
lib/db/teams.ts(302,40): error TS2304: Cannot find name 'getTextValue'.
lib/db/teams.ts(386,17): error TS2304: Cannot find name 'getTextValue'.
lib/db/teams.ts(387,15): error TS2304: Cannot find name 'getTextValue'.
lib/db/teams.ts(387,41): error TS2304: Cannot find name 'getTextValue'.
lib/db/teams.ts(390,29): error TS2304: Cannot find name 'getTextValue'.
lib/db/teams.ts(410,26): error TS2304: Cannot find name 'getDatabaseSchema'.
lib/db/teams.ts(433,28): error TS2304: Cannot find name 'notion'.
lib/db/teams.ts(451,26): error TS2304: Cannot find name 'getDatabaseSchema'.
lib/db/teams.ts(457,32): error TS2304: Cannot find name 'notion'.
lib/db/teams.ts(468,28): error TS2304: Cannot find name 'notion'.
lib/db/teams.ts(604,26): error TS2304: Cannot find name 'getDatabaseSchema'.
lib/db/teams.ts(605,31): error TS2552: Cannot find name 'getTitlePropertyName'. Did you mean 'titlePropertyName'?
lib/db/teams.ts(742,11): error TS2304: Cannot find name 'notion'.
lib/db/teams.ts(747,31): error TS2552: Cannot find name 'notion'. Did you mean 'Option'?
lib/db/teams.ts(817,26): error TS2304: Cannot find name 'getDatabaseSchema'.
lib/db/teams.ts(818,31): error TS2304: Cannot find name 'getTitlePropertyName'.
lib/db/teams.ts(953,11): error TS2304: Cannot find name 'notion'.
lib/db/teams.ts(994,15): error TS2304: Cannot find name 'notion'.
lib/db/teams.ts(1000,30): error TS2304: Cannot find name 'notion'.
lib/db/teams.ts(1011,13): error TS2304: Cannot find name 'notion'.
lib/db/teams.ts(1069,28): error TS2304: Cannot find name 'notion'.
lib/db/teams.ts(1081,31): error TS2304: Cannot find name 'getSelectValue'.
lib/db/teams.ts(1082,49): error TS2304: Cannot find name 'getSelectValue'.
lib/db/teams.ts(1095,19): error TS2304: Cannot find name 'notion'.
lib/db/teams.ts(1103,33): error TS2304: Cannot find name 'notion'.
lib/db/teams.ts(1106,11): error TS2304: Cannot find name 'notion'.
lib/db/teams.ts(1138,28): error TS2304: Cannot find name 'notion'.
lib/db/teams.ts(1159,11): error TS2304: Cannot find name 'notion'.
lib/db/teams.ts(1181,28): error TS2304: Cannot find name 'notion'.
lib/db/teams.ts(1191,17): error TS2304: Cannot find name 'getTextValue'.
lib/db/teams.ts(1192,17): error TS2304: Cannot find name 'getTextValue'.
lib/db/teams.ts(1194,13): error TS2304: Cannot find name 'getTextValue'.
lib/db/teams.ts(1196,39): error TS2304: Cannot find name 'getSelectValue'.
lib/db/teams.ts(1197,39): error TS2304: Cannot find name 'getSelectValue'.
lib/db/teams.ts(1214,33): error TS2304: Cannot find name 'notion'.
lib/db/teams.ts(1225,37): error TS2304: Cannot find name 'getTextValue'.
lib/db/teams.ts(1267,33): error TS2304: Cannot find name 'notion'.
lib/db/teams.ts(1276,17): error TS2304: Cannot find name 'getTextValue'.
lib/db/teams.ts(1278,35): error TS2304: Cannot find name 'getSelectValue'.
lib/db/teams.ts(1279,39): error TS2304: Cannot find name 'getSelectValue'.
